This is pdfTeX, Version 3.141592653-2.6-1.40.24 (MiKTeX 22.12) (preloaded format=pdflatex 2023.1.22)  14 APR 2023 20:44
entering extended mode
 restricted \write18 enabled.
 %&-line parsing enabled.
**./quiz21S21.tex
(quiz21S21.tex
LaTeX2e <2022-11-01> patch level 1
L3 programming layer <2022-12-17>
(C:\Users\braph\AppData\Local\Programs\MiKTeX\tex/latex/base\article.cls
Document Class: article 2022/07/02 v1.4n Standard LaTeX document class
(C:\Users\braph\AppData\Local\Programs\MiKTeX\tex/latex/base\size11.clo
File: size11.clo 2022/07/02 v1.4n Standard LaTeX file (size option)
)
\c@part=\count185
\c@section=\count186
\c@subsection=\count187
\c@subsubsection=\count188
\c@paragraph=\count189
\c@subparagraph=\count190
\c@figure=\count191
\c@table=\count192
\abovecaptionskip=\skip48
\belowcaptionskip=\skip49
\bibindent=\dimen140
)
(C:\Users\braph\AppData\Local\Programs\MiKTeX\tex/generic/babel\babel.sty
Package: babel 2022/12/26 3.84 The Babel package
\babel@savecnt=\count193
\U@D=\dimen141
\l@unhyphenated=\language79

(C:\Users\braph\AppData\Local\Programs\MiKTeX\tex/generic/babel\txtbabel.def)
\bbl@readstream=\read2
\bbl@dirlevel=\count194

*************************************
* Local config file bblopts.cfg used
*
(C:\Users\braph\AppData\Local\Programs\MiKTeX\tex/latex/arabi\bblopts.cfg
File: bblopts.cfg 2005/09/08 v0.1 add Arabic and Farsi to "declared" options of
 babel
)
(C:\Users\braph\AppData\Local\Programs\MiKTeX\tex/latex/babel-english\english.l
df
Language: english 2017/06/06 v3.3r English support from the babel system
Package babel Info: Hyphen rules for 'canadian' set to \l@english
(babel)             (\language0). Reported on input line 102.
Package babel Info: Hyphen rules for 'australian' set to \l@ukenglish
(babel)             (\language73). Reported on input line 105.
Package babel Info: Hyphen rules for 'newzealand' set to \l@ukenglish
(babel)             (\language73). Reported on input line 108.
))
(C:\Users\braph\AppData\Local\Programs\MiKTeX\tex/generic/babel/locale/en\babel
-english.tex
Package babel Info: Importing font and identification data for english
(babel)             from babel-en.ini. Reported on input line 11.
)
(C:\Users\braph\AppData\Local\Programs\MiKTeX\tex/latex/base\inputenc.sty
Package: inputenc 2021/02/14 v1.3d Input encoding file
\inpenc@prehook=\toks16
\inpenc@posthook=\toks17
)
(C:\Users\braph\AppData\Local\Programs\MiKTeX\tex/latex/geometry\geometry.sty
Package: geometry 2020/01/02 v5.9 Page Geometry

(C:\Users\braph\AppData\Local\Programs\MiKTeX\tex/latex/graphics\keyval.sty
Package: keyval 2022/05/29 v1.15 key=value parser (DPC)
\KV@toks@=\toks18
)
(C:\Users\braph\AppData\Local\Programs\MiKTeX\tex/generic/iftex\ifvtex.sty
Package: ifvtex 2019/10/25 v1.7 ifvtex legacy package. Use iftex instead.

(C:\Users\braph\AppData\Local\Programs\MiKTeX\tex/generic/iftex\iftex.sty
Package: iftex 2022/02/03 v1.0f TeX engine tests
))
\Gm@cnth=\count195
\Gm@cntv=\count196
\c@Gm@tempcnt=\count197
\Gm@bindingoffset=\dimen142
\Gm@wd@mp=\dimen143
\Gm@odd@mp=\dimen144
\Gm@even@mp=\dimen145
\Gm@layoutwidth=\dimen146
\Gm@layoutheight=\dimen147
\Gm@layouthoffset=\dimen148
\Gm@layoutvoffset=\dimen149
\Gm@dimlist=\toks19

(C:\Users\braph\AppData\Local\Programs\MiKTeX\tex/latex/geometry\geometry.cfg))
(C:\Users\braph\AppData\Local\Programs\MiKTeX\tex/latex/amsmath\amsmath.sty
Package: amsmath 2022/04/08 v2.17n AMS math features
\@mathmargin=\skip50

For additional information on amsmath, use the `?' option.
(C:\Users\braph\AppData\Local\Programs\MiKTeX\tex/latex/amsmath\amstext.sty
Package: amstext 2021/08/26 v2.01 AMS text

(C:\Users\braph\AppData\Local\Programs\MiKTeX\tex/latex/amsmath\amsgen.sty
File: amsgen.sty 1999/11/30 v2.0 generic functions
\@emptytoks=\toks20
\ex@=\dimen150
))
(C:\Users\braph\AppData\Local\Programs\MiKTeX\tex/latex/amsmath\amsbsy.sty
Package: amsbsy 1999/11/29 v1.2d Bold Symbols
\pmbraise@=\dimen151
)
(C:\Users\braph\AppData\Local\Programs\MiKTeX\tex/latex/amsmath\amsopn.sty
Package: amsopn 2022/04/08 v2.04 operator names
)
\inf@bad=\count198
LaTeX Info: Redefining \frac on input line 234.
\uproot@=\count199
\leftroot@=\count266
LaTeX Info: Redefining \overline on input line 399.
LaTeX Info: Redefining \colon on input line 410.
\classnum@=\count267
\DOTSCASE@=\count268
LaTeX Info: Redefining \ldots on input line 496.
LaTeX Info: Redefining \dots on input line 499.
LaTeX Info: Redefining \cdots on input line 620.
\Mathstrutbox@=\box51
\strutbox@=\box52
LaTeX Info: Redefining \big on input line 722.
LaTeX Info: Redefining \Big on input line 723.
LaTeX Info: Redefining \bigg on input line 724.
LaTeX Info: Redefining \Bigg on input line 725.
\big@size=\dimen152
LaTeX Font Info:    Redeclaring font encoding OML on input line 743.
LaTeX Font Info:    Redeclaring font encoding OMS on input line 744.
\macc@depth=\count269
LaTeX Info: Redefining \bmod on input line 905.
LaTeX Info: Redefining \pmod on input line 910.
LaTeX Info: Redefining \smash on input line 940.
LaTeX Info: Redefining \relbar on input line 970.
LaTeX Info: Redefining \Relbar on input line 971.
\c@MaxMatrixCols=\count270
\dotsspace@=\muskip16
\c@parentequation=\count271
\dspbrk@lvl=\count272
\tag@help=\toks21
\row@=\count273
\column@=\count274
\maxfields@=\count275
\andhelp@=\toks22
\eqnshift@=\dimen153
\alignsep@=\dimen154
\tagshift@=\dimen155
\tagwidth@=\dimen156
\totwidth@=\dimen157
\lineht@=\dimen158
\@envbody=\toks23
\multlinegap=\skip51
\multlinetaggap=\skip52
\mathdisplay@stack=\toks24
LaTeX Info: Redefining \[ on input line 2953.
LaTeX Info: Redefining \] on input line 2954.
)
(C:\Users\braph\AppData\Local\Programs\MiKTeX\tex/latex/amscls\amsthm.sty
Package: amsthm 2020/05/29 v2.20.6
\thm@style=\toks25
\thm@bodyfont=\toks26
\thm@headfont=\toks27
\thm@notefont=\toks28
\thm@headpunct=\toks29
\thm@preskip=\skip53
\thm@postskip=\skip54
\thm@headsep=\skip55
\dth@everypar=\toks30
)
(C:\Users\braph\AppData\Local\Programs\MiKTeX\tex/latex/amsfonts\amsfonts.sty
Package: amsfonts 2013/01/14 v3.01 Basic AMSFonts support
\symAMSa=\mathgroup4
\symAMSb=\mathgroup5
LaTeX Font Info:    Redeclaring math symbol \hbar on input line 98.
LaTeX Font Info:    Overwriting math alphabet `\mathfrak' in version `bold'
(Font)                  U/euf/m/n --> U/euf/b/n on input line 106.
)
(C:\Users\braph\AppData\Local\Programs\MiKTeX\tex/latex/amsfonts\amssymb.sty
Package: amssymb 2013/01/14 v3.01 AMS font symbols
)
(C:\Users\braph\AppData\Local\Programs\MiKTeX\tex/latex/xcolor\xcolor.sty
Package: xcolor 2022/06/12 v2.14 LaTeX color extensions (UK)

(C:\Users\braph\AppData\Local\Programs\MiKTeX\tex/latex/graphics-cfg\color.cfg
File: color.cfg 2016/01/02 v1.6 sample color configuration
)
Package xcolor Info: Package option `usenames' ignored on input line 218.
Package xcolor Info: Driver file: pdftex.def on input line 227.

(C:\Users\braph\AppData\Local\Programs\MiKTeX\tex/latex/graphics-def\pdftex.def
File: pdftex.def 2022/09/22 v1.2b Graphics/color driver for pdftex
)
(C:\Users\braph\AppData\Local\Programs\MiKTeX\tex/latex/graphics\mathcolor.ltx)
Package xcolor Info: Model `cmy' substituted by `cmy0' on input line 1353.
Package xcolor Info: Model `hsb' substituted by `rgb' on input line 1357.
Package xcolor Info: Model `RGB' extended on input line 1369.
Package xcolor Info: Model `HTML' substituted by `rgb' on input line 1371.
Package xcolor Info: Model `Hsb' substituted by `hsb' on input line 1372.
Package xcolor Info: Model `tHsb' substituted by `hsb' on input line 1373.
Package xcolor Info: Model `HSB' substituted by `hsb' on input line 1374.
Package xcolor Info: Model `Gray' substituted by `gray' on input line 1375.
Package xcolor Info: Model `wave' substituted by `hsb' on input line 1376.
(C:\Users\braph\AppData\Local\Programs\MiKTeX\tex/latex/graphics\dvipsnam.def
File: dvipsnam.def 2016/06/17 v3.0m Driver-dependent file (DPC,SPQR)
)) (C:\Users\braph\AppData\Local\Programs\MiKTeX\tex/latex/graphics\graphicx.st
y
Package: graphicx 2021/09/16 v1.2d Enhanced LaTeX Graphics (DPC,SPQR)

(C:\Users\braph\AppData\Local\Programs\MiKTeX\tex/latex/graphics\graphics.sty
Package: graphics 2022/03/10 v1.4e Standard LaTeX Graphics (DPC,SPQR)

(C:\Users\braph\AppData\Local\Programs\MiKTeX\tex/latex/graphics\trig.sty
Package: trig 2021/08/11 v1.11 sin cos tan (DPC)
)
(C:\Users\braph\AppData\Local\Programs\MiKTeX\tex/latex/graphics-cfg\graphics.c
fg
File: graphics.cfg 2016/06/04 v1.11 sample graphics configuration
)
Package graphics Info: Driver file: pdftex.def on input line 107.
)
\Gin@req@height=\dimen159
\Gin@req@width=\dimen160
)
(C:\Users\braph\AppData\Local\Programs\MiKTeX\tex/latex/circuitikz\circuitikz.s
ty
Package: circuitikz 2022/12/10{} The CircuiTikz circuit drawing package version
 1.6.0

(C:\Users\braph\AppData\Local\Programs\MiKTeX\tex/latex/pgf/frontendlayer\tikz.
sty
(C:\Users\braph\AppData\Local\Programs\MiKTeX\tex/latex/pgf/basiclayer\pgf.sty
(C:\Users\braph\AppData\Local\Programs\MiKTeX\tex/latex/pgf/utilities\pgfrcs.st
y
(C:\Users\braph\AppData\Local\Programs\MiKTeX\tex/generic/pgf/utilities\pgfutil
-common.tex
\pgfutil@everybye=\toks31
\pgfutil@tempdima=\dimen161
\pgfutil@tempdimb=\dimen162

(C:\Users\braph\AppData\Local\Programs\MiKTeX\tex/generic/pgf/utilities\pgfutil
-common-lists.tex))
(C:\Users\braph\AppData\Local\Programs\MiKTeX\tex/generic/pgf/utilities\pgfutil
-latex.def
\pgfutil@abb=\box53
)
(C:\Users\braph\AppData\Local\Programs\MiKTeX\tex/generic/pgf/utilities\pgfrcs.
code.tex
(C:\Users\braph\AppData\Local\Programs\MiKTeX\tex/generic/pgf\pgf.revision.tex)
Package: pgfrcs 2021/05/15 v3.1.9a (3.1.9a)
))
Package: pgf 2021/05/15 v3.1.9a (3.1.9a)

(C:\Users\braph\AppData\Local\Programs\MiKTeX\tex/latex/pgf/basiclayer\pgfcore.
sty
(C:\Users\braph\AppData\Local\Programs\MiKTeX\tex/latex/pgf/systemlayer\pgfsys.
sty
(C:\Users\braph\AppData\Local\Programs\MiKTeX\tex/generic/pgf/systemlayer\pgfsy
s.code.tex
Package: pgfsys 2021/05/15 v3.1.9a (3.1.9a)

(C:\Users\braph\AppData\Local\Programs\MiKTeX\tex/generic/pgf/utilities\pgfkeys
.code.tex
\pgfkeys@pathtoks=\toks32
\pgfkeys@temptoks=\toks33

(C:\Users\braph\AppData\Local\Programs\MiKTeX\tex/generic/pgf/utilities\pgfkeys
filtered.code.tex
\pgfkeys@tmptoks=\toks34
))
\pgf@x=\dimen163
\pgf@y=\dimen164
\pgf@xa=\dimen165
\pgf@ya=\dimen166
\pgf@xb=\dimen167
\pgf@yb=\dimen168
\pgf@xc=\dimen169
\pgf@yc=\dimen170
\pgf@xd=\dimen171
\pgf@yd=\dimen172
\w@pgf@writea=\write3
\r@pgf@reada=\read3
\c@pgf@counta=\count276
\c@pgf@countb=\count277
\c@pgf@countc=\count278
\c@pgf@countd=\count279
\t@pgf@toka=\toks35
\t@pgf@tokb=\toks36
\t@pgf@tokc=\toks37
\pgf@sys@id@count=\count280

(C:\Users\braph\AppData\Local\Programs\MiKTeX\tex/generic/pgf/systemlayer\pgf.c
fg
File: pgf.cfg 2021/05/15 v3.1.9a (3.1.9a)
)
Driver file for pgf: pgfsys-pdftex.def

(C:\Users\braph\AppData\Local\Programs\MiKTeX\tex/generic/pgf/systemlayer\pgfsy
s-pdftex.def
File: pgfsys-pdftex.def 2021/05/15 v3.1.9a (3.1.9a)

(C:\Users\braph\AppData\Local\Programs\MiKTeX\tex/generic/pgf/systemlayer\pgfsy
s-common-pdf.def
File: pgfsys-common-pdf.def 2021/05/15 v3.1.9a (3.1.9a)
)))
(C:\Users\braph\AppData\Local\Programs\MiKTeX\tex/generic/pgf/systemlayer\pgfsy
ssoftpath.code.tex
File: pgfsyssoftpath.code.tex 2021/05/15 v3.1.9a (3.1.9a)
\pgfsyssoftpath@smallbuffer@items=\count281
\pgfsyssoftpath@bigbuffer@items=\count282
)
(C:\Users\braph\AppData\Local\Programs\MiKTeX\tex/generic/pgf/systemlayer\pgfsy
sprotocol.code.tex
File: pgfsysprotocol.code.tex 2021/05/15 v3.1.9a (3.1.9a)
))
(C:\Users\braph\AppData\Local\Programs\MiKTeX\tex/generic/pgf/basiclayer\pgfcor
e.code.tex
Package: pgfcore 2021/05/15 v3.1.9a (3.1.9a)

(C:\Users\braph\AppData\Local\Programs\MiKTeX\tex/generic/pgf/math\pgfmath.code
.tex
(C:\Users\braph\AppData\Local\Programs\MiKTeX\tex/generic/pgf/math\pgfmathcalc.
code.tex
(C:\Users\braph\AppData\Local\Programs\MiKTeX\tex/generic/pgf/math\pgfmathutil.
code.tex)
(C:\Users\braph\AppData\Local\Programs\MiKTeX\tex/generic/pgf/math\pgfmathparse
r.code.tex
\pgfmath@dimen=\dimen173
\pgfmath@count=\count283
\pgfmath@box=\box54
\pgfmath@toks=\toks38
\pgfmath@stack@operand=\toks39
\pgfmath@stack@operation=\toks40
)
(C:\Users\braph\AppData\Local\Programs\MiKTeX\tex/generic/pgf/math\pgfmathfunct
ions.code.tex
(C:\Users\braph\AppData\Local\Programs\MiKTeX\tex/generic/pgf/math\pgfmathfunct
ions.basic.code.tex)
(C:\Users\braph\AppData\Local\Programs\MiKTeX\tex/generic/pgf/math\pgfmathfunct
ions.trigonometric.code.tex)
(C:\Users\braph\AppData\Local\Programs\MiKTeX\tex/generic/pgf/math\pgfmathfunct
ions.random.code.tex)
(C:\Users\braph\AppData\Local\Programs\MiKTeX\tex/generic/pgf/math\pgfmathfunct
ions.comparison.code.tex)
(C:\Users\braph\AppData\Local\Programs\MiKTeX\tex/generic/pgf/math\pgfmathfunct
ions.base.code.tex)
(C:\Users\braph\AppData\Local\Programs\MiKTeX\tex/generic/pgf/math\pgfmathfunct
ions.round.code.tex)
(C:\Users\braph\AppData\Local\Programs\MiKTeX\tex/generic/pgf/math\pgfmathfunct
ions.misc.code.tex)
(C:\Users\braph\AppData\Local\Programs\MiKTeX\tex/generic/pgf/math\pgfmathfunct
ions.integerarithmetics.code.tex)))
(C:\Users\braph\AppData\Local\Programs\MiKTeX\tex/generic/pgf/math\pgfmathfloat
.code.tex
\c@pgfmathroundto@lastzeros=\count284
))
(C:\Users\braph\AppData\Local\Programs\MiKTeX\tex/generic/pgf/math\pgfint.code.
tex)
(C:\Users\braph\AppData\Local\Programs\MiKTeX\tex/generic/pgf/basiclayer\pgfcor
epoints.code.tex
File: pgfcorepoints.code.tex 2021/05/15 v3.1.9a (3.1.9a)
\pgf@picminx=\dimen174
\pgf@picmaxx=\dimen175
\pgf@picminy=\dimen176
\pgf@picmaxy=\dimen177
\pgf@pathminx=\dimen178
\pgf@pathmaxx=\dimen179
\pgf@pathminy=\dimen180
\pgf@pathmaxy=\dimen181
\pgf@xx=\dimen182
\pgf@xy=\dimen183
\pgf@yx=\dimen184
\pgf@yy=\dimen185
\pgf@zx=\dimen186
\pgf@zy=\dimen187
)
(C:\Users\braph\AppData\Local\Programs\MiKTeX\tex/generic/pgf/basiclayer\pgfcor
epathconstruct.code.tex
File: pgfcorepathconstruct.code.tex 2021/05/15 v3.1.9a (3.1.9a)
\pgf@path@lastx=\dimen188
\pgf@path@lasty=\dimen189
)
(C:\Users\braph\AppData\Local\Programs\MiKTeX\tex/generic/pgf/basiclayer\pgfcor
epathusage.code.tex
File: pgfcorepathusage.code.tex 2021/05/15 v3.1.9a (3.1.9a)
\pgf@shorten@end@additional=\dimen190
\pgf@shorten@start@additional=\dimen191
)
(C:\Users\braph\AppData\Local\Programs\MiKTeX\tex/generic/pgf/basiclayer\pgfcor
escopes.code.tex
File: pgfcorescopes.code.tex 2021/05/15 v3.1.9a (3.1.9a)
\pgfpic=\box55
\pgf@hbox=\box56
\pgf@layerbox@main=\box57
\pgf@picture@serial@count=\count285
)
(C:\Users\braph\AppData\Local\Programs\MiKTeX\tex/generic/pgf/basiclayer\pgfcor
egraphicstate.code.tex
File: pgfcoregraphicstate.code.tex 2021/05/15 v3.1.9a (3.1.9a)
\pgflinewidth=\dimen192
)
(C:\Users\braph\AppData\Local\Programs\MiKTeX\tex/generic/pgf/basiclayer\pgfcor
etransformations.code.tex
File: pgfcoretransformations.code.tex 2021/05/15 v3.1.9a (3.1.9a)
\pgf@pt@x=\dimen193
\pgf@pt@y=\dimen194
\pgf@pt@temp=\dimen195
)
(C:\Users\braph\AppData\Local\Programs\MiKTeX\tex/generic/pgf/basiclayer\pgfcor
equick.code.tex
File: pgfcorequick.code.tex 2021/05/15 v3.1.9a (3.1.9a)
)
(C:\Users\braph\AppData\Local\Programs\MiKTeX\tex/generic/pgf/basiclayer\pgfcor
eobjects.code.tex
File: pgfcoreobjects.code.tex 2021/05/15 v3.1.9a (3.1.9a)
)
(C:\Users\braph\AppData\Local\Programs\MiKTeX\tex/generic/pgf/basiclayer\pgfcor
epathprocessing.code.tex
File: pgfcorepathprocessing.code.tex 2021/05/15 v3.1.9a (3.1.9a)
)
(C:\Users\braph\AppData\Local\Programs\MiKTeX\tex/generic/pgf/basiclayer\pgfcor
earrows.code.tex
File: pgfcorearrows.code.tex 2021/05/15 v3.1.9a (3.1.9a)
\pgfarrowsep=\dimen196
)
(C:\Users\braph\AppData\Local\Programs\MiKTeX\tex/generic/pgf/basiclayer\pgfcor
eshade.code.tex
File: pgfcoreshade.code.tex 2021/05/15 v3.1.9a (3.1.9a)
\pgf@max=\dimen197
\pgf@sys@shading@range@num=\count286
\pgf@shadingcount=\count287
)
(C:\Users\braph\AppData\Local\Programs\MiKTeX\tex/generic/pgf/basiclayer\pgfcor
eimage.code.tex
File: pgfcoreimage.code.tex 2021/05/15 v3.1.9a (3.1.9a)

(C:\Users\braph\AppData\Local\Programs\MiKTeX\tex/generic/pgf/basiclayer\pgfcor
eexternal.code.tex
File: pgfcoreexternal.code.tex 2021/05/15 v3.1.9a (3.1.9a)
\pgfexternal@startupbox=\box58
))
(C:\Users\braph\AppData\Local\Programs\MiKTeX\tex/generic/pgf/basiclayer\pgfcor
elayers.code.tex
File: pgfcorelayers.code.tex 2021/05/15 v3.1.9a (3.1.9a)
)
(C:\Users\braph\AppData\Local\Programs\MiKTeX\tex/generic/pgf/basiclayer\pgfcor
etransparency.code.tex
File: pgfcoretransparency.code.tex 2021/05/15 v3.1.9a (3.1.9a)
)
(C:\Users\braph\AppData\Local\Programs\MiKTeX\tex/generic/pgf/basiclayer\pgfcor
epatterns.code.tex
File: pgfcorepatterns.code.tex 2021/05/15 v3.1.9a (3.1.9a)
)
(C:\Users\braph\AppData\Local\Programs\MiKTeX\tex/generic/pgf/basiclayer\pgfcor
erdf.code.tex
File: pgfcorerdf.code.tex 2021/05/15 v3.1.9a (3.1.9a)
)))
(C:\Users\braph\AppData\Local\Programs\MiKTeX\tex/generic/pgf/modules\pgfmodule
shapes.code.tex
File: pgfmoduleshapes.code.tex 2021/05/15 v3.1.9a (3.1.9a)
\pgfnodeparttextbox=\box59
)
(C:\Users\braph\AppData\Local\Programs\MiKTeX\tex/generic/pgf/modules\pgfmodule
plot.code.tex
File: pgfmoduleplot.code.tex 2021/05/15 v3.1.9a (3.1.9a)
)
(C:\Users\braph\AppData\Local\Programs\MiKTeX\tex/latex/pgf/compatibility\pgfco
mp-version-0-65.sty
Package: pgfcomp-version-0-65 2021/05/15 v3.1.9a (3.1.9a)
\pgf@nodesepstart=\dimen198
\pgf@nodesepend=\dimen199
)
(C:\Users\braph\AppData\Local\Programs\MiKTeX\tex/latex/pgf/compatibility\pgfco
mp-version-1-18.sty
Package: pgfcomp-version-1-18 2021/05/15 v3.1.9a (3.1.9a)
))
(C:\Users\braph\AppData\Local\Programs\MiKTeX\tex/latex/pgf/utilities\pgffor.st
y
(C:\Users\braph\AppData\Local\Programs\MiKTeX\tex/latex/pgf/utilities\pgfkeys.s
ty
(C:\Users\braph\AppData\Local\Programs\MiKTeX\tex/generic/pgf/utilities\pgfkeys
.code.tex))
(C:\Users\braph\AppData\Local\Programs\MiKTeX\tex/latex/pgf/math\pgfmath.sty
(C:\Users\braph\AppData\Local\Programs\MiKTeX\tex/generic/pgf/math\pgfmath.code
.tex))
(C:\Users\braph\AppData\Local\Programs\MiKTeX\tex/generic/pgf/utilities\pgffor.
code.tex
Package: pgffor 2021/05/15 v3.1.9a (3.1.9a)

(C:\Users\braph\AppData\Local\Programs\MiKTeX\tex/generic/pgf/math\pgfmath.code
.tex)
\pgffor@iter=\dimen256
\pgffor@skip=\dimen257
\pgffor@stack=\toks41
\pgffor@toks=\toks42
))
(C:\Users\braph\AppData\Local\Programs\MiKTeX\tex/generic/pgf/frontendlayer/tik
z\tikz.code.tex
Package: tikz 2021/05/15 v3.1.9a (3.1.9a)

(C:\Users\braph\AppData\Local\Programs\MiKTeX\tex/generic/pgf/libraries\pgflibr
aryplothandlers.code.tex
File: pgflibraryplothandlers.code.tex 2021/05/15 v3.1.9a (3.1.9a)
\pgf@plot@mark@count=\count288
\pgfplotmarksize=\dimen258
)
\tikz@lastx=\dimen259
\tikz@lasty=\dimen260
\tikz@lastxsaved=\dimen261
\tikz@lastysaved=\dimen262
\tikz@lastmovetox=\dimen263
\tikz@lastmovetoy=\dimen264
\tikzleveldistance=\dimen265
\tikzsiblingdistance=\dimen266
\tikz@figbox=\box60
\tikz@figbox@bg=\box61
\tikz@tempbox=\box62
\tikz@tempbox@bg=\box63
\tikztreelevel=\count289
\tikznumberofchildren=\count290
\tikznumberofcurrentchild=\count291
\tikz@fig@count=\count292

(C:\Users\braph\AppData\Local\Programs\MiKTeX\tex/generic/pgf/modules\pgfmodule
matrix.code.tex
File: pgfmodulematrix.code.tex 2021/05/15 v3.1.9a (3.1.9a)
\pgfmatrixcurrentrow=\count293
\pgfmatrixcurrentcolumn=\count294
\pgf@matrix@numberofcolumns=\count295
)
\tikz@expandcount=\count296

(C:\Users\braph\AppData\Local\Programs\MiKTeX\tex/generic/pgf/frontendlayer/tik
z/libraries\tikzlibrarytopaths.code.tex
File: tikzlibrarytopaths.code.tex 2021/05/15 v3.1.9a (3.1.9a)
)))
(C:\Users\braph\AppData\Local\Programs\MiKTeX\tex/generic/pgf/frontendlayer/tik
z/libraries\tikzlibrarycalc.code.tex
File: tikzlibrarycalc.code.tex 2021/05/15 v3.1.9a (3.1.9a)
)
(C:\Users\braph\AppData\Local\Programs\MiKTeX\tex/generic/pgf/libraries\pgflibr
aryarrows.meta.code.tex
File: pgflibraryarrows.meta.code.tex 2021/05/15 v3.1.9a (3.1.9a)
\pgfarrowinset=\dimen267
\pgfarrowlength=\dimen268
\pgfarrowwidth=\dimen269
\pgfarrowlinewidth=\dimen270
)
(C:\Users\braph\AppData\Local\Programs\MiKTeX\tex/generic/pgf/frontendlayer/tik
z/libraries\tikzlibrarybending.code.tex
File: tikzlibrarybending.code.tex 2021/05/15 v3.1.9a (3.1.9a)

(C:\Users\braph\AppData\Local\Programs\MiKTeX\tex/generic/pgf/modules\pgfmodule
bending.code.tex
File: pgfmodulebending.code.tex 2021/05/15 v3.1.9a (3.1.9a)

(C:\Users\braph\AppData\Local\Programs\MiKTeX\tex/generic/pgf/modules\pgfmodule
nonlineartransformations.code.tex
File: pgfmodulenonlineartransformations.code.tex 2021/05/15 v3.1.9a (3.1.9a)
\pgftransformnonlinearflatness=\dimen271
)
(C:\Users\braph\AppData\Local\Programs\MiKTeX\tex/generic/pgf/libraries\pgflibr
arycurvilinear.code.tex
File: pgflibrarycurvilinear.code.tex 2021/05/15 v3.1.9a (3.1.9a)
\pgf@curvilinear@time@a=\dimen272
\pgf@curvilinear@length@a=\dimen273
\pgf@curvilinear@length@b=\dimen274
\pgf@curvilinear@length@c=\dimen275
\pgf@curvilinear@length@d=\dimen276
)
\pgf@arrows@the@rigidity=\dimen277
))
(C:\Users\braph\AppData\Local\Programs\MiKTeX\tex/generic/pgf/frontendlayer/tik
z/libraries\tikzlibraryfpu.code.tex
(C:\Users\braph\AppData\Local\Programs\MiKTeX\tex/generic/pgf/libraries\pgflibr
aryfpu.code.tex))
(C:\Users\braph\AppData\Local\Programs\MiKTeX\tex/generic/circuitikz\pgfcirc.de
fines.tex
\pgf@circ@count@a=\count297
\pgf@circ@count@b=\count298
\pgf@circ@count@c=\count299
\pgf@circ@res@up=\dimen278
\pgf@circ@res@down=\dimen279
\pgf@circ@res@zero=\dimen280
\pgf@circ@res@left=\dimen281
\pgf@circ@res@right=\dimen282
\pgf@circ@res@other=\dimen283
\pgf@circ@res@step=\dimen284
\pgf@circ@res@temp=\dimen285
\pgf@circ@Rlen=\dimen286
\pgf@circ@scaled@Rlen=\dimen287
\pgfstartlinewidth=\dimen288
)
(C:\Users\braph\AppData\Local\Programs\MiKTeX\tex/generic/circuitikz\pgfcircuti
ls.tex
\ctikz@scratchbox=\box64
)
(C:\Users\braph\AppData\Local\Programs\MiKTeX\tex/generic/circuitikz\pgfcircpat
h.tex)
(C:\Users\braph\AppData\Local\Programs\MiKTeX\tex/generic/circuitikz\pgfcircsha
pes.tex)
(C:\Users\braph\AppData\Local\Programs\MiKTeX\tex/generic/circuitikz\pgfcircmon
opoles.tex)
(C:\Users\braph\AppData\Local\Programs\MiKTeX\tex/generic/circuitikz\pgfcircbip
oles.tex)
(C:\Users\braph\AppData\Local\Programs\MiKTeX\tex/generic/circuitikz\pgfcirctri
poles.tex
\pgf@circ@res@count=\count300
)
(C:\Users\braph\AppData\Local\Programs\MiKTeX\tex/generic/circuitikz\pgfcircqua
dpoles.tex)
(C:\Users\braph\AppData\Local\Programs\MiKTeX\tex/generic/circuitikz\pgfcircmul
tipoles.tex)
(C:\Users\braph\AppData\Local\Programs\MiKTeX\tex/generic/circuitikz\pgfcirclab
el.tex)
(C:\Users\braph\AppData\Local\Programs\MiKTeX\tex/generic/circuitikz\pgfcircvol
tage.tex
\pgfcirc@labelshift=\dimen289
)
(C:\Users\braph\AppData\Local\Programs\MiKTeX\tex/generic/circuitikz\pgfcirccur
rent.tex)
(C:\Users\braph\AppData\Local\Programs\MiKTeX\tex/generic/circuitikz\pgfcircflo
w.tex)
(C:\Users\braph\AppData\Local\Programs\MiKTeX\tex/latex/xstring\xstring.sty
(C:\Users\braph\AppData\Local\Programs\MiKTeX\tex/generic/xstring\xstring.tex
\integerpart=\count301
\decimalpart=\count302
)
Package: xstring 2023/01/14 v1.85 String manipulations (CT)
) (C:\Users\braph\AppData\Local\Programs\MiKTeX\tex/latex/siunitx\siunitx.sty
Package: siunitx 2023-01-03 v3.2.0 A comprehensive (SI) units package
\l__siunitx_angle_tmp_dim=\dimen290
\l__siunitx_angle_marker_box=\box65
\l__siunitx_angle_unit_box=\box66
\l__siunitx_compound_count_int=\count303

(C:\Users\braph\AppData\Local\Programs\MiKTeX\tex/latex/translations\translatio
ns.sty
Package: translations 2022/02/05 v1.12 internationalization of LaTeX2e packages
 (CN)

(C:\Users\braph\AppData\Local\Programs\MiKTeX\tex/latex/etoolbox\etoolbox.sty
Package: etoolbox 2020/10/05 v2.5k e-TeX tools for LaTeX (JAW)
\etb@tempcnta=\count304
)
(C:\Users\braph\AppData\Local\Programs\MiKTeX\tex/generic/pdftexcmds\pdftexcmds
.sty
Package: pdftexcmds 2020-06-27 v0.33 Utility functions of pdfTeX for LuaTeX (HO
)

(C:\Users\braph\AppData\Local\Programs\MiKTeX\tex/generic/infwarerr\infwarerr.s
ty
Package: infwarerr 2019/12/03 v1.5 Providing info/warning/error messages (HO)
)
(C:\Users\braph\AppData\Local\Programs\MiKTeX\tex/generic/ltxcmds\ltxcmds.sty
Package: ltxcmds 2020-05-10 v1.25 LaTeX kernel commands for general use (HO)
)
Package pdftexcmds Info: \pdf@primitive is available.
Package pdftexcmds Info: \pdf@ifprimitive is available.
Package pdftexcmds Info: \pdfdraftmode found.
))
\l__siunitx_number_exponent_fixed_int=\count305
\l__siunitx_number_min_decimal_int=\count306
\l__siunitx_number_min_integer_int=\count307
\l__siunitx_number_round_precision_int=\count308
\l__siunitx_number_lower_threshold_int=\count309
\l__siunitx_number_upper_threshold_int=\count310
\l__siunitx_number_group_first_int=\count311
\l__siunitx_number_group_size_int=\count312
\l__siunitx_number_group_minimum_int=\count313
\l__siunitx_table_tmp_box=\box67
\l__siunitx_table_tmp_dim=\dimen291
\l__siunitx_table_column_width_dim=\dimen292
\l__siunitx_table_integer_box=\box68
\l__siunitx_table_decimal_box=\box69
\l__siunitx_table_uncert_box=\box70
\l__siunitx_table_before_box=\box71
\l__siunitx_table_after_box=\box72
\l__siunitx_table_before_dim=\dimen293
\l__siunitx_table_carry_dim=\dimen294
\l__siunitx_unit_tmp_int=\count314
\l__siunitx_unit_position_int=\count315
\l__siunitx_unit_total_int=\count316
 (C:\Users\braph\AppData\Local\Programs\MiKTeX\tex/latex/tools\array.sty
Package: array 2022/03/10 v2.5f Tabular extension package (FMi)
\col@sep=\dimen295
\ar@mcellbox=\box73
\extrarowheight=\dimen296
\NC@list=\toks43
\extratabsurround=\skip56
\backup@length=\skip57
\ar@cellbox=\box74
)))
(C:\Users\braph\AppData\Local\Programs\MiKTeX\tex/latex/todonotes\todonotes.sty
Package: todonotes 2021/06/04 v1.1.5 Todonotes source and documentation.
Package: todonotes 2021/06/04
(C:\Users\braph\AppData\Local\Programs\MiKTeX\tex/latex/base\ifthen.sty
Package: ifthen 2022/04/13 v1.1d Standard LaTeX ifthen package (DPC)
)
(C:\Users\braph\AppData\Local\Programs\MiKTeX\tex/latex/xkeyval\xkeyval.sty
Package: xkeyval 2022/06/16 v2.9 package option processing (HA)

(C:\Users\braph\AppData\Local\Programs\MiKTeX\tex/generic/xkeyval\xkeyval.tex
(C:\Users\braph\AppData\Local\Programs\MiKTeX\tex/generic/xkeyval\xkvutils.tex
\XKV@toks=\toks44
\XKV@tempa@toks=\toks45
)
\XKV@depth=\count317
File: xkeyval.tex 2014/12/03 v2.7a key=value parser (HA)
))
(C:\Users\braph\AppData\Local\Programs\MiKTeX\tex/generic/pgf/frontendlayer/tik
z/libraries\tikzlibrarypositioning.code.tex
File: tikzlibrarypositioning.code.tex 2021/05/15 v3.1.9a (3.1.9a)
)
(C:\Users\braph\AppData\Local\Programs\MiKTeX\tex/latex/tools\calc.sty
Package: calc 2017/05/25 v4.3 Infix arithmetic (KKT,FJ)
\calc@Acount=\count318
\calc@Bcount=\count319
\calc@Adimen=\dimen297
\calc@Bdimen=\dimen298
\calc@Askip=\skip58
\calc@Bskip=\skip59
LaTeX Info: Redefining \setlength on input line 80.
LaTeX Info: Redefining \addtolength on input line 81.
\calc@Ccount=\count320
\calc@Cskip=\skip60
)
\c@@todonotes@numberoftodonotes=\count321
)
(C:\Users\braph\AppData\Local\Programs\MiKTeX\tex/latex/hyperref\hyperref.sty
Package: hyperref 2022-11-13 v7.00u Hypertext links for LaTeX

(C:\Users\braph\AppData\Local\Programs\MiKTeX\tex/latex/kvsetkeys\kvsetkeys.sty
Package: kvsetkeys 2022-10-05 v1.19 Key value parser (HO)
)
(C:\Users\braph\AppData\Local\Programs\MiKTeX\tex/generic/kvdefinekeys\kvdefine
keys.sty
Package: kvdefinekeys 2019-12-19 v1.6 Define keys (HO)
)
(C:\Users\braph\AppData\Local\Programs\MiKTeX\tex/generic/pdfescape\pdfescape.s
ty
Package: pdfescape 2019/12/09 v1.15 Implements pdfTeX's escape features (HO)
) (C:\Users\braph\AppData\Local\Programs\MiKTeX\tex/latex/hycolor\hycolor.sty
Package: hycolor 2020-01-27 v1.10 Color options for hyperref/bookmark (HO)
)
(C:\Users\braph\AppData\Local\Programs\MiKTeX\tex/latex/letltxmacro\letltxmacro
.sty
Package: letltxmacro 2019/12/03 v1.6 Let assignment for LaTeX macros (HO)
)
(C:\Users\braph\AppData\Local\Programs\MiKTeX\tex/latex/auxhook\auxhook.sty
Package: auxhook 2019-12-17 v1.6 Hooks for auxiliary files (HO)
)
(C:\Users\braph\AppData\Local\Programs\MiKTeX\tex/latex/hyperref\nameref.sty
Package: nameref 2022-05-17 v2.50 Cross-referencing by name of section

(C:\Users\braph\AppData\Local\Programs\MiKTeX\tex/latex/refcount\refcount.sty
Package: refcount 2019/12/15 v3.6 Data extraction from label references (HO)
)
(C:\Users\braph\AppData\Local\Programs\MiKTeX\tex/generic/gettitlestring\gettit
lestring.sty
Package: gettitlestring 2019/12/15 v1.6 Cleanup title references (HO)

(C:\Users\braph\AppData\Local\Programs\MiKTeX\tex/latex/kvoptions\kvoptions.sty
Package: kvoptions 2022-06-15 v3.15 Key value format for package options (HO)
))
\c@section@level=\count322
)
\@linkdim=\dimen299
\Hy@linkcounter=\count323
\Hy@pagecounter=\count324
 (C:\Users\braph\AppData\Local\Programs\MiKTeX\tex/latex/hyperref\pd1enc.def
File: pd1enc.def 2022-11-13 v7.00u Hyperref: PDFDocEncoding definition (HO)
Now handling font encoding PD1 ...
... no UTF-8 mapping file for font encoding PD1
) (C:\Users\braph\AppData\Local\Programs\MiKTeX\tex/generic/intcalc\intcalc.sty
Package: intcalc 2019/12/15 v1.3 Expandable calculations with integers (HO)
)
(C:\Users\braph\AppData\Local\Programs\MiKTeX\tex/generic/etexcmds\etexcmds.sty
Package: etexcmds 2019/12/15 v1.7 Avoid name clashes with e-TeX commands (HO)
)
\Hy@SavedSpaceFactor=\count325
 (C:\Users\braph\AppData\Local\Programs\MiKTeX\tex/latex/hyperref\puenc.def
File: puenc.def 2022-11-13 v7.00u Hyperref: PDF Unicode definition (HO)
Now handling font encoding PU ...
... no UTF-8 mapping file for font encoding PU
)
Package hyperref Info: Hyper figures OFF on input line 4162.
Package hyperref Info: Link nesting OFF on input line 4167.
Package hyperref Info: Hyper index ON on input line 4170.
Package hyperref Info: Plain pages OFF on input line 4177.
Package hyperref Info: Backreferencing OFF on input line 4182.
Package hyperref Info: Implicit mode ON; LaTeX internals redefined.
Package hyperref Info: Bookmarks ON on input line 4410.
\c@Hy@tempcnt=\count326

(C:\Users\braph\AppData\Local\Programs\MiKTeX\tex/latex/url\url.sty
\Urlmuskip=\muskip17
Package: url 2013/09/16  ver 3.4  Verb mode for urls, etc.
)
LaTeX Info: Redefining \url on input line 4748.
\XeTeXLinkMargin=\dimen300

(C:\Users\braph\AppData\Local\Programs\MiKTeX\tex/generic/bitset\bitset.sty
Package: bitset 2019/12/09 v1.3 Handle bit-vector datatype (HO)

(C:\Users\braph\AppData\Local\Programs\MiKTeX\tex/generic/bigintcalc\bigintcalc
.sty
Package: bigintcalc 2019/12/15 v1.5 Expandable calculations on big integers (HO
)
))
\Fld@menulength=\count327
\Field@Width=\dimen301
\Fld@charsize=\dimen302
Package hyperref Info: Hyper figures OFF on input line 6027.
Package hyperref Info: Link nesting OFF on input line 6032.
Package hyperref Info: Hyper index ON on input line 6035.
Package hyperref Info: backreferencing OFF on input line 6042.
Package hyperref Info: Link coloring OFF on input line 6047.
Package hyperref Info: Link coloring with OCG OFF on input line 6052.
Package hyperref Info: PDF/A mode OFF on input line 6057.

(C:\Users\braph\AppData\Local\Programs\MiKTeX\tex/latex/base\atbegshi-ltx.sty
Package: atbegshi-ltx 2021/01/10 v1.0c Emulation of the original atbegshi
package with kernel methods
)
\Hy@abspage=\count328
\c@Item=\count329
\c@Hfootnote=\count330
)
Package hyperref Info: Driver (autodetected): hpdftex.
(C:\Users\braph\AppData\Local\Programs\MiKTeX\tex/latex/hyperref\hpdftex.def
File: hpdftex.def 2022-11-13 v7.00u Hyperref driver for pdfTeX

(C:\Users\braph\AppData\Local\Programs\MiKTeX\tex/latex/base\atveryend-ltx.sty
Package: atveryend-ltx 2020/08/19 v1.0a Emulation of the original atveryend pac
kage
with kernel methods
)
\Fld@listcount=\count331
\c@bookmark@seq@number=\count332

(C:\Users\braph\AppData\Local\Programs\MiKTeX\tex/latex/rerunfilecheck\rerunfil
echeck.sty
Package: rerunfilecheck 2022-07-10 v1.10 Rerun checks for auxiliary files (HO)

(C:\Users\braph\AppData\Local\Programs\MiKTeX\tex/generic/uniquecounter\uniquec
ounter.sty
Package: uniquecounter 2019/12/15 v1.4 Provide unlimited unique counter (HO)
)
Package uniquecounter Info: New unique counter `rerunfilecheck' on input line 2
85.
)
\Hy@SectionHShift=\skip61
)
(C:\Users\braph\AppData\Local\Programs\MiKTeX\tex/latex/natbib\natbib.sty
Package: natbib 2010/09/13 8.31b (PWD, AO)
\bibhang=\skip62
\bibsep=\skip63
LaTeX Info: Redefining \cite on input line 694.
\c@NAT@ctr=\count333
)
(C:\Users\braph\AppData\Local\Programs\MiKTeX\tex/latex/fancybox\fancybox.sty
Package: fancybox 2010/05/15 1.4

Style option: `fancybox' v1.4 <2010/05/15> (tvz)
\@fancybox=\box75
\shadowsize=\dimen303
\@Sbox=\box76
\do@VerbBox=\toks46
\the@fancyput=\toks47
\this@fancyput=\toks48
\EndVerbatimTokens=\toks49
\Verbatim@Outfile=\write4
\Verbatim@Infile=\read4
) (C:\Users\braph\AppData\Local\Programs\MiKTeX\tex/latex/graphics\epsfig.sty
Package: epsfig 2017/06/25 v1.7b (e)psfig emulation (SPQR)
\epsfxsize=\dimen304
\epsfysize=\dimen305
)
(C:\Users\braph\AppData\Local\Programs\MiKTeX\tex/generic/soul\soul.sty
Package: soul 2003/11/17 v2.4 letterspacing/underlining (mf)
\SOUL@word=\toks50
\SOUL@lasttoken=\toks51
\SOUL@cmds=\toks52
\SOUL@buffer=\toks53
\SOUL@token=\toks54
\SOUL@spaceskip=\skip64
\SOUL@ttwidth=\dimen306
\SOUL@uldp=\dimen307
\SOUL@ulht=\dimen308
)
(C:\Users\braph\AppData\Local\Programs\MiKTeX\tex/latex/mdframed\mdframed.sty
Package: mdframed 2013/07/01 1.9b: mdframed

(C:\Users\braph\AppData\Local\Programs\MiKTeX\tex/latex/l3packages/xparse\xpars
e.sty
(C:\Users\braph\AppData\Local\Programs\MiKTeX\tex/latex/l3kernel\expl3.sty
Package: expl3 2022-12-17 L3 programming layer (loader) 

(C:\Users\braph\AppData\Local\Programs\MiKTeX\tex/latex/l3backend\l3backend-pdf
tex.def
File: l3backend-pdftex.def 2022-10-26 L3 backend support: PDF output (pdfTeX)
\l__color_backend_stack_int=\count334
\l__pdf_internal_box=\box77
))
Package: xparse 2022-12-17 L3 Experimental document command parser
)
(C:\Users\braph\AppData\Local\Programs\MiKTeX\tex/latex/zref\zref-abspage.sty
Package: zref-abspage 2022-04-07 v2.34 Module abspage for zref (HO)

(C:\Users\braph\AppData\Local\Programs\MiKTeX\tex/latex/zref\zref-base.sty
Package: zref-base 2022-04-07 v2.34 Module base for zref (HO)
Package zref Info: New property list: main on input line 767.
Package zref Info: New property: default on input line 768.
Package zref Info: New property: page on input line 769.
)
\c@abspage=\count335
Package zref Info: New property: abspage on input line 65.
)
(C:\Users\braph\AppData\Local\Programs\MiKTeX\tex/latex/needspace\needspace.sty
Package: needspace 2010/09/12 v1.3d reserve vertical space
)
\mdf@templength=\skip65
\c@mdf@globalstyle@cnt=\count336
\mdf@skipabove@length=\skip66
\mdf@skipbelow@length=\skip67
\mdf@leftmargin@length=\skip68
\mdf@rightmargin@length=\skip69
\mdf@innerleftmargin@length=\skip70
\mdf@innerrightmargin@length=\skip71
\mdf@innertopmargin@length=\skip72
\mdf@innerbottommargin@length=\skip73
\mdf@splittopskip@length=\skip74
\mdf@splitbottomskip@length=\skip75
\mdf@outermargin@length=\skip76
\mdf@innermargin@length=\skip77
\mdf@linewidth@length=\skip78
\mdf@innerlinewidth@length=\skip79
\mdf@middlelinewidth@length=\skip80
\mdf@outerlinewidth@length=\skip81
\mdf@roundcorner@length=\skip82
\mdf@footenotedistance@length=\skip83
\mdf@userdefinedwidth@length=\skip84
\mdf@needspace@length=\skip85
\mdf@frametitleaboveskip@length=\skip86
\mdf@frametitlebelowskip@length=\skip87
\mdf@frametitlerulewidth@length=\skip88
\mdf@frametitleleftmargin@length=\skip89
\mdf@frametitlerightmargin@length=\skip90
\mdf@shadowsize@length=\skip91
\mdf@extratopheight@length=\skip92
\mdf@subtitleabovelinewidth@length=\skip93
\mdf@subtitlebelowlinewidth@length=\skip94
\mdf@subtitleaboveskip@length=\skip95
\mdf@subtitlebelowskip@length=\skip96
\mdf@subtitleinneraboveskip@length=\skip97
\mdf@subtitleinnerbelowskip@length=\skip98
\mdf@subsubtitleabovelinewidth@length=\skip99
\mdf@subsubtitlebelowlinewidth@length=\skip100
\mdf@subsubtitleaboveskip@length=\skip101
\mdf@subsubtitlebelowskip@length=\skip102
\mdf@subsubtitleinneraboveskip@length=\skip103
\mdf@subsubtitleinnerbelowskip@length=\skip104

(C:\Users\braph\AppData\Local\Programs\MiKTeX\tex/latex/mdframed\md-frame-1.mdf
File: md-frame-1.mdf 2013/07/01\ 1.9b: md-frame-1
)
\mdf@frametitlebox=\box78
\mdf@footnotebox=\box79
\mdf@splitbox@one=\box80
\mdf@splitbox@two=\box81
\mdf@splitbox@save=\box82
\mdfsplitboxwidth=\skip105
\mdfsplitboxtotalwidth=\skip106
\mdfsplitboxheight=\skip107
\mdfsplitboxdepth=\skip108
\mdfsplitboxtotalheight=\skip109
\mdfframetitleboxwidth=\skip110
\mdfframetitleboxtotalwidth=\skip111
\mdfframetitleboxheight=\skip112
\mdfframetitleboxdepth=\skip113
\mdfframetitleboxtotalheight=\skip114
\mdffootnoteboxwidth=\skip115
\mdffootnoteboxtotalwidth=\skip116
\mdffootnoteboxheight=\skip117
\mdffootnoteboxdepth=\skip118
\mdffootnoteboxtotalheight=\skip119
\mdftotallinewidth=\skip120
\mdfboundingboxwidth=\skip121
\mdfboundingboxtotalwidth=\skip122
\mdfboundingboxheight=\skip123
\mdfboundingboxdepth=\skip124
\mdfboundingboxtotalheight=\skip125
\mdf@freevspace@length=\skip126
\mdf@horizontalwidthofbox@length=\skip127
\mdf@verticalmarginwhole@length=\skip128
\mdf@horizontalspaceofbox=\skip129
\mdfsubtitleheight=\skip130
\mdfsubsubtitleheight=\skip131
\c@mdfcountframes=\count337

****** mdframed patching \endmdf@trivlist

****** -- success******

\mdf@envdepth=\count338
\c@mdf@env@i=\count339
\c@mdf@env@ii=\count340
\c@mdf@zref@counter=\count341
Package zref Info: New property: mdf@pagevalue on input line 895.
)
(C:\Users\braph\AppData\Local\Programs\MiKTeX\tex/latex/enumitem\enumitem.sty
Package: enumitem 2019/06/20 v3.9 Customized lists
\labelindent=\skip132
\enit@outerparindent=\dimen309
\enit@toks=\toks55
\enit@inbox=\box83
\enit@count@id=\count342
\enitdp@description=\count343
)
(C:\Users\braph\AppData\Local\Programs\MiKTeX\tex/latex/mhchem\mhchem.sty
Package: mhchem 2021/12/31 v4.09 for typesetting chemical formulae

(C:\Users\braph\AppData\Local\Programs\MiKTeX\tex/latex/l3packages/l3keys2e\l3k
eys2e.sty
Package: l3keys2e 2022-12-17 LaTeX2e option processing using LaTeX3 keys
)
(C:\Users\braph\AppData\Local\Programs\MiKTeX\tex/latex/chemgreek\chemgreek.sty
Package: chemgreek 2020/01/16 v1.1a interface for upright Greek letters for use
 in chemistry (CN)
\l__chemgreek_tmpa_int=\count344
\g__chemgreek_tmpa_int=\count345
)
\l__mhchem_ce_distanceFromLastComma_int=\count346
\__mhchem_arrow_extPgfLength_skip=\skip133
\mhchem@minispace@tmp=\skip134
\mhchem@minibackspace@tmp=\skip135
\mhchem@bondwidth=\skip136
\mhchem@bondheight=\skip137
\mhchem@smallbondwidth@tmpA=\skip138
\mhchem@smallbondwidth@tmpB=\skip139
\mhchem@smallbondwidth=\skip140
\mhchem@bondtmp@minussidebearingleft=\skip141
\mhchem@bondtmp@minussidebearingright=\skip142
\l__mhchem_option_version_int=\count347
\mhchem@option@minusmathsidebearingleft=\dimen310
\mhchem@option@minusmathsidebearingright=\dimen311
\mhchem@option@minustextsidebearingleft=\dimen312
\mhchem@option@minustextsidebearingright=\dimen313
) (C:\Users\braph\AppData\Local\Programs\MiKTeX\tex/latex/tools\multicol.sty
Package: multicol 2021/11/30 v1.9d multicolumn formatting (FMi)
\c@tracingmulticols=\count348
\mult@box=\box84
\multicol@leftmargin=\dimen314
\c@unbalance=\count349
\c@collectmore=\count350
\doublecol@number=\count351
\multicoltolerance=\count352
\multicolpretolerance=\count353
\full@width=\dimen315
\page@free=\dimen316
\premulticols=\dimen317
\postmulticols=\dimen318
\multicolsep=\skip143
\multicolbaselineskip=\skip144
\partial@page=\box85
\last@line=\box86
\maxbalancingoverflow=\dimen319
\mult@rightbox=\box87
\mult@grightbox=\box88
\mult@firstbox=\box89
\mult@gfirstbox=\box90
\@tempa=\box91
\@tempa=\box92
\@tempa=\box93
\@tempa=\box94
\@tempa=\box95
\@tempa=\box96
\@tempa=\box97
\@tempa=\box98
\@tempa=\box99
\@tempa=\box100
\@tempa=\box101
\@tempa=\box102
\@tempa=\box103
\@tempa=\box104
\@tempa=\box105
\@tempa=\box106
\@tempa=\box107
\@tempa=\box108
\@tempa=\box109
\@tempa=\box110
\@tempa=\box111
\@tempa=\box112
\@tempa=\box113
\@tempa=\box114
\@tempa=\box115
\@tempa=\box116
\@tempa=\box117
\@tempa=\box118
\@tempa=\box119
\@tempa=\box120
\@tempa=\box121
\@tempa=\box122
\@tempa=\box123
\@tempa=\box124
\@tempa=\box125
\@tempa=\box126
\c@minrows=\count354
\c@columnbadness=\count355
\c@finalcolumnbadness=\count356
\last@try=\dimen320
\multicolovershoot=\dimen321
\multicolundershoot=\dimen322
\mult@nat@firstbox=\box127
\colbreak@box=\box128
\mc@col@check@num=\count357
)
(C:\Users\braph\AppData\Local\Programs\MiKTeX\tex/latex/algorithms\algorithm.st
y
Package: algorithm 2009/08/24 v0.1 Document Style `algorithm' - floating enviro
nment
 (C:\Users\braph\AppData\Local\Programs\MiKTeX\tex/latex/float\float.sty
Package: float 2001/11/08 v1.3d Float enhancements (AL)
\c@float@type=\count358
\float@exts=\toks56
\float@box=\box129
\@float@everytoks=\toks57
\@floatcapt=\box130
)
\@float@every@algorithm=\toks58
\c@algorithm=\count359
)
(C:\Users\braph\AppData\Local\Programs\MiKTeX\tex/latex/algorithmicx\algpseudoc
ode.sty
Package: algpseudocode 

(C:\Users\braph\AppData\Local\Programs\MiKTeX\tex/latex/algorithmicx\algorithmi
cx.sty
Package: algorithmicx 2005/04/27 v1.2 Algorithmicx

Document Style algorithmicx 1.2 - a greatly improved `algorithmic' style
\c@ALG@line=\count360
\c@ALG@rem=\count361
\c@ALG@nested=\count362
\ALG@tlm=\skip145
\ALG@thistlm=\skip146
\c@ALG@Lnr=\count363
\c@ALG@blocknr=\count364
\c@ALG@storecount=\count365
\c@ALG@tmpcounter=\count366
\ALG@tmplength=\skip147
)
Document Style - pseudocode environments for use with the `algorithmicx' style
)
(C:\Users\braph\AppData\Local\Programs\MiKTeX\tex/latex/mathtools\mathtools.sty
Package: mathtools 2022/06/29 v1.29 mathematical typesetting tools
(C:\Users\braph\AppData\Local\Programs\MiKTeX\tex/latex/mathtools\mhsetup.sty
Package: mhsetup 2021/03/18 v1.4 programming setup (MH)
)
\g_MT_multlinerow_int=\count367
\l_MT_multwidth_dim=\dimen323
\origjot=\skip148
\l_MT_shortvdotswithinadjustabove_dim=\dimen324
\l_MT_shortvdotswithinadjustbelow_dim=\dimen325
\l_MT_above_intertext_sep=\dimen326
\l_MT_below_intertext_sep=\dimen327
\l_MT_above_shortintertext_sep=\dimen328
\l_MT_below_shortintertext_sep=\dimen329
\xmathstrut@box=\box131
\xmathstrut@dim=\dimen330
) (C:\Users\braph\AppData\Local\Programs\MiKTeX\tex/latex/comment\comment.sty
\CommentStream=\write5

Excluding comment 'comment')
(C:\Users\braph\AppData\Local\Programs\MiKTeX\tex/latex/listings\listings.sty
\lst@mode=\count368
\lst@gtempboxa=\box132
\lst@token=\toks59
\lst@length=\count369
\lst@currlwidth=\dimen331
\lst@column=\count370
\lst@pos=\count371
\lst@lostspace=\dimen332
\lst@width=\dimen333
\lst@newlines=\count372
\lst@lineno=\count373
\lst@maxwidth=\dimen334

(C:\Users\braph\AppData\Local\Programs\MiKTeX\tex/latex/listings\lstmisc.sty
File: lstmisc.sty 2020/03/24 1.8d (Carsten Heinz)
\c@lstnumber=\count374
\lst@skipnumbers=\count375
\lst@framebox=\box133
)
(C:\Users\braph\AppData\Local\Programs\MiKTeX\tex/latex/listings\listings.cfg
File: listings.cfg 2020/03/24 1.8d listings configuration
))
Package: listings 2020/03/24 1.8d (Carsten Heinz)
(C:\Users\braph\AppData\Local\Programs\MiKTeX\tex/latex/subfiles\subfiles.sty
Package: subfiles 2020/11/14 v2.2 Multi-file projects (package)

(C:\Users\braph\AppData\Local\Programs\MiKTeX\tex/latex/import\import.sty
Package: import 2020/04/01  v 6.2
))
(C:\Users\braph\AppData\Local\Programs\MiKTeX\tex/latex/tkz-berge\tkz-berge.sty
Package: tkz-berge 2011/06/01 2.00 tkz-berge for named graphs

(C:\Users\braph\AppData\Local\Programs\MiKTeX\tex/latex/tkz-graph\tkz-graph.sty
2021/01/20 v 2.00 tkz-graph.sty
Package: tkz-graph 2021/01/20 2.00 base for graphs

(C:\Users\braph\AppData\Local\Programs\MiKTeX\tex/generic/pgf/frontendlayer/tik
z/libraries\tikzlibraryarrows.code.tex
File: tikzlibraryarrows.code.tex 2021/05/15 v3.1.9a (3.1.9a)

(C:\Users\braph\AppData\Local\Programs\MiKTeX\tex/generic/pgf/libraries\pgflibr
aryarrows.code.tex
File: pgflibraryarrows.code.tex 2021/05/15 v3.1.9a (3.1.9a)
\arrowsize=\dimen335
))
\c@tkz@gr@a=\count376
\c@tkz@gr@b=\count377
\c@tkz@gr@c=\count378
\c@tkz@gr@e=\count379
\c@tkz@gr@d=\count380
\c@tkz@gr@p=\count381
\c@tkz@gr@i=\count382
\c@tkz@gr@n=\count383
\c@tkz@gr@ta=\count384
\c@tkz@gr@tb=\count385
)
\c@tkz@bg@cnt=\count386
\c@tkza@tmp=\count387
)
\c@prop=\count388
\c@thm=\count389
\c@lemma=\count390
\c@cor=\count391
\c@definition=\count392
\c@required=\count393
\c@ex=\count394
 (quiz21S21.aux)
\openout1 = `quiz21S21.aux'.

LaTeX Font Info:    Checking defaults for OML/cmm/m/it on input line 86.
LaTeX Font Info:    ... okay on input line 86.
LaTeX Font Info:    Checking defaults for OMS/cmsy/m/n on input line 86.
LaTeX Font Info:    ... okay on input line 86.
LaTeX Font Info:    Checking defaults for OT1/cmr/m/n on input line 86.
LaTeX Font Info:    ... okay on input line 86.
LaTeX Font Info:    Checking defaults for T1/cmr/m/n on input line 86.
LaTeX Font Info:    ... okay on input line 86.
LaTeX Font Info:    Checking defaults for TS1/cmr/m/n on input line 86.
LaTeX Font Info:    ... okay on input line 86.
LaTeX Font Info:    Checking defaults for OMX/cmex/m/n on input line 86.
LaTeX Font Info:    ... okay on input line 86.
LaTeX Font Info:    Checking defaults for U/cmr/m/n on input line 86.
LaTeX Font Info:    ... okay on input line 86.
LaTeX Font Info:    Checking defaults for PD1/pdf/m/n on input line 86.
LaTeX Font Info:    ... okay on input line 86.
LaTeX Font Info:    Checking defaults for PU/pdf/m/n on input line 86.
LaTeX Font Info:    ... okay on input line 86.

*geometry* driver: auto-detecting
*geometry* detected driver: pdftex
*geometry* verbose mode - [ preamble ] result:
* driver: pdftex
* paper: <default>
* layout: <same size as paper>
* layoutoffset:(h,v)=(0.0pt,0.0pt)
* modes: 
* h-part:(L,W,R)=(36.135pt, 542.02501pt, 36.135pt)
* v-part:(T,H,B)=(36.135pt, 722.7pt, 36.135pt)
* \paperwidth=614.295pt
* \paperheight=794.96999pt
* \textwidth=542.02501pt
* \textheight=722.7pt
* \oddsidemargin=-36.135pt
* \evensidemargin=-36.135pt
* \topmargin=-73.135pt
* \headheight=12.0pt
* \headsep=25.0pt
* \topskip=11.0pt
* \footskip=30.0pt
* \marginparwidth=96.73918pt
* \marginparsep=10.0pt
* \columnsep=10.0pt
* \skip\footins=10.0pt plus 4.0pt minus 2.0pt
* \hoffset=0.0pt
* \voffset=0.0pt
* \mag=1000
* \@twocolumnfalse
* \@twosidefalse
* \@mparswitchfalse
* \@reversemarginfalse
* (1in=72.27pt=25.4mm, 1cm=28.453pt)


(C:\Users\braph\AppData\Local\Programs\MiKTeX\tex/context/base/mkii\supp-pdf.mk
ii
[Loading MPS to PDF converter (version 2006.09.02).]
\scratchcounter=\count395
\scratchdimen=\dimen336
\scratchbox=\box134
\nofMPsegments=\count396
\nofMParguments=\count397
\everyMPshowfont=\toks60
\MPscratchCnt=\count398
\MPscratchDim=\dimen337
\MPnumerator=\count399
\makeMPintoPDFobject=\count400
\everyMPtoPDFconversion=\toks61
)
(C:\Users\braph\AppData\Local\Programs\MiKTeX\tex/latex/epstopdf-pkg\epstopdf-b
ase.sty
Package: epstopdf-base 2020-01-24 v2.11 Base part for package epstopdf
Package epstopdf-base Info: Redefining graphics rule for `.eps' on input line 4
85.

(C:\Users\braph\AppData\Local\Programs\MiKTeX\tex/latex/00miktex\epstopdf-sys.c
fg
File: epstopdf-sys.cfg 2021/03/18 v2.0 Configuration of epstopdf for MiKTeX
))
(C:\Users\braph\AppData\Local\Programs\MiKTeX\tex/latex/translations/dicts\tran
slations-basic-dictionary-english.trsl
File: translations-basic-dictionary-english.trsl (english translation file `tra
nslations-basic-dictionary')
)
Package translations Info: loading dictionary `translations-basic-dictionary' f
or `english'. on input line 86.
Package hyperref Info: Link coloring OFF on input line 86.
 (quiz21S21.out) (quiz21S21.out)
\@outlinefile=\write6
\openout6 = `quiz21S21.out'.


Package chemgreek Info: Activating mapping `default' on line 86.

\c@lstlisting=\count401
LaTeX Font Info:    Trying to load font information for U+msa on input line 95.


(C:\Users\braph\AppData\Local\Programs\MiKTeX\tex/latex/amsfonts\umsa.fd
File: umsa.fd 2013/01/14 v3.01 AMS symbols A
)
LaTeX Font Info:    Trying to load font information for U+msb on input line 95.


(C:\Users\braph\AppData\Local\Programs\MiKTeX\tex/latex/amsfonts\umsb.fd
File: umsb.fd 2013/01/14 v3.01 AMS symbols B
)

LaTeX Warning: No \author given.

(quiz21S21.toc)
\tf@toc=\write7
\openout7 = `quiz21S21.toc'.



Package hyperref Warning: Suppressing empty link on input line 122.

[1

{C:/Users/braph/AppData/Local/MiKTeX/fonts/map/pdftex/pdftex.map}] [2]
Underfull \hbox (badness 10000) in paragraph at lines 187--188

 []

[3] (quiz21S21.aux)
Package rerunfilecheck Info: File `quiz21S21.out' has not changed.
(rerunfilecheck)             Checksum: 51F7046491F8F0D4075B91D782466C8E;752.
 ) 
Here is how much of TeX's memory you used:
 49464 strings out of 476406
 1155518 string characters out of 2789567
 1862787 words of memory out of 3000000
 69203 multiletter control sequences out of 15000+600000
 521292 words of font info for 65 fonts, out of 8000000 for 9000
 1141 hyphenation exceptions out of 8191
 99i,6n,94p,548b,901s stack positions out of 10000i,1000n,20000p,200000b,80000s
 <C:\Users\braph\AppData\Local\MiKTeX\fonts/pk/ljfour/jknappen/ec/dpi600\tcrm
1095.pk><C:/Users/braph/AppData/Local/Programs/MiKTeX/fonts/type1/public/amsfon
ts/cm/cmbx10.pfb><C:/Users/braph/AppData/Local/Programs/MiKTeX/fonts/type1/publ
ic/amsfonts/cm/cmbx12.pfb><C:/Users/braph/AppData/Local/Programs/MiKTeX/fonts/t
ype1/public/amsfonts/cm/cmcsc10.pfb><C:/Users/braph/AppData/Local/Programs/MiKT
eX/fonts/type1/public/amsfonts/cm/cmex10.pfb><C:/Users/braph/AppData/Local/Prog
rams/MiKTeX/fonts/type1/public/amsfonts/cm/cmmi10.pfb><C:/Users/braph/AppData/L
ocal/Programs/MiKTeX/fonts/type1/public/amsfonts/cm/cmmi8.pfb><C:/Users/braph/A
ppData/Local/Programs/MiKTeX/fonts/type1/public/amsfonts/cm/cmr10.pfb><C:/Users
/braph/AppData/Local/Programs/MiKTeX/fonts/type1/public/amsfonts/cm/cmr17.pfb><
C:/Users/braph/AppData/Local/Programs/MiKTeX/fonts/type1/public/amsfonts/cm/cmr
8.pfb><C:/Users/braph/AppData/Local/Programs/MiKTeX/fonts/type1/public/amsfonts
/cm/cmsy10.pfb><C:/Users/braph/AppData/Local/Programs/MiKTeX/fonts/type1/public
/amsfonts/cm/cmsy8.pfb><C:/Users/braph/AppData/Local/Programs/MiKTeX/fonts/type
1/public/amsfonts/cm/cmti10.pfb>
Output written on quiz21S21.pdf (3 pages, 172059 bytes).
PDF statistics:
 112 PDF objects out of 1000 (max. 8388607)
 13 named destinations out of 1000 (max. 500000)
 37 words of extra memory for PDF output out of 10000 (max. 10000000)

